<?xml version="1.0" encoding="UTF-8"?>
<!-- Generated by org.testng.reporters.JUnitReportReporter -->
<testsuite hostname="E0433449" name="tests.SubscribeToNews" tests="1" failures="0" timestamp="22 Jul 2018 15:54:46 GMT" time="2.264" errors="0">
  <testcase name="UserCanSubscribetoNewsLetter" time="2.264" classname="tests.SubscribeToNews"/>
</testsuite> <!-- tests.SubscribeToNews -->
