<?xml version="1.0" encoding="UTF-8"?>
<!-- Generated by org.testng.reporters.JUnitReportReporter -->
<testsuite hostname="E0433449" name="tests.CheckBrokenLinksForTrivagoMagazine" tests="1" failures="0" timestamp="22 Jul 2018 15:54:46 GMT" time="167.928" errors="0">
  <testcase name="TestAllBokrenUrls" time="167.928" classname="tests.CheckBrokenLinksForTrivagoMagazine"/>
</testsuite> <!-- tests.CheckBrokenLinksForTrivagoMagazine -->
