<?xml version="1.0" encoding="UTF-8"?>
<!-- Generated by org.testng.reporters.JUnitReportReporter -->
<testsuite hostname="E0433449" name="tests.CheckBrokenImgesForTrivagoMagazine" tests="1" failures="0" timestamp="20 Jul 2018 13:18:02 GMT" time="26.602" errors="0">
  <testcase name="TestAllBokrenImgs" time="26.602" classname="tests.CheckBrokenImgesForTrivagoMagazine"/>
</testsuite> <!-- tests.CheckBrokenImgesForTrivagoMagazine -->
