<?xml version="1.0" encoding="UTF-8"?>
<!-- Generated by org.testng.reporters.JUnitReportReporter -->
<testsuite hostname="E0433449" name="tests.CheckBrokenImgesLinkForTrivagoMagazine" tests="1" failures="0" timestamp="22 Jul 2018 11:26:07 GMT" time="111.042" errors="0">
  <testcase name="TestAllBokrenImgs" time="111.042" classname="tests.CheckBrokenImgesLinkForTrivagoMagazine"/>
</testsuite> <!-- tests.CheckBrokenImgesLinkForTrivagoMagazine -->
