<?xml version="1.0" encoding="UTF-8"?>
<!-- Generated by org.testng.reporters.JUnitReportReporter -->
<testsuite hostname="E0433449" name="tests.Searchforlocation" tests="1" failures="0" timestamp="22 Jul 2018 11:26:07 GMT" time="2.137" errors="0">
  <testcase name="userCanSearchForAnyLocation" time="2.137" classname="tests.Searchforlocation"/>
</testsuite> <!-- tests.Searchforlocation -->
