<?xml version="1.0" encoding="UTF-8"?>
<!-- Generated by org.testng.reporters.JUnitReportReporter -->
<testsuite hostname="E0433449" name="tests.SendContactForm" tests="1" failures="0" timestamp="22 Jul 2018 15:54:46 GMT" time="7.778" errors="0">
  <testcase name="checkuserCansendContactForm" time="7.778" classname="tests.SendContactForm"/>
</testsuite> <!-- tests.SendContactForm -->
